[2m2019-12-10 17:32:24.216[0;39m [32m INFO[0;39m [35m15972[0;39m [2m---[0;39m [2m[           main][0;39m [36mcom.zhujuming.vip.Oauth2Application     [0;39m [2m:[0;39m The following profiles are active: dev
[2m2019-12-10 17:32:25.685[0;39m [32m INFO[0;39m [35m15972[0;39m [2m---[0;39m [2m[           main][0;39m [36m.s.d.r.c.RepositoryConfigurationDelegate[0;39m [2m:[0;39m Multiple Spring Data modules found, entering strict repository configuration mode!
[2m2019-12-10 17:32:25.688[0;39m [32m INFO[0;39m [35m15972[0;39m [2m---[0;39m [2m[           main][0;39m [36m.s.d.r.c.RepositoryConfigurationDelegate[0;39m [2m:[0;39m Bootstrapping Spring Data repositories in DEFAULT mode.
[2m2019-12-10 17:32:25.766[0;39m [32m INFO[0;39m [35m15972[0;39m [2m---[0;39m [2m[           main][0;39m [36m.s.d.r.c.RepositoryConfigurationDelegate[0;39m [2m:[0;39m Finished Spring Data repository scanning in 40ms. Found 0 repository interfaces.
[2m2019-12-10 17:32:25.955[0;39m [33m WARN[0;39m [35m15972[0;39m [2m---[0;39m [2m[           main][0;39m [36mo.s.boot.actuate.endpoint.EndpointId    [0;39m [2m:[0;39m Endpoint ID 'service-registry' contains invalid characters, please migrate to a valid format.
[2m2019-12-10 17:32:26.268[0;39m [32m INFO[0;39m [35m15972[0;39m [2m---[0;39m [2m[           main][0;39m [36mo.s.cloud.context.scope.GenericScope    [0;39m [2m:[0;39m BeanFactory id=90243b24-ef9c-3909-a7d4-09e45654bf40
[2m2019-12-10 17:32:26.658[0;39m [32m INFO[0;39m [35m15972[0;39m [2m---[0;39m [2m[           main][0;39m [36mtrationDelegate$BeanPostProcessorChecker[0;39m [2m:[0;39m Bean 'org.springframework.cloud.autoconfigure.ConfigurationPropertiesRebinderAutoConfiguration' of type [org.springframework.cloud.autoconfigure.ConfigurationPropertiesRebinderAutoConfiguration$$EnhancerBySpringCGLIB$$ac891d9c] is not eligible for getting processed by all BeanPostProcessors (for example: not eligible for auto-proxying)
[2m2019-12-10 17:32:26.954[0;39m [33m WARN[0;39m [35m15972[0;39m [2m---[0;39m [2m[           main][0;39m [36mio.undertow.websockets.jsr              [0;39m [2m:[0;39m UT026010: Buffer pool was not set on WebSocketDeploymentInfo, the default pool will be used
[2m2019-12-10 17:32:26.985[0;39m [32m INFO[0;39m [35m15972[0;39m [2m---[0;39m [2m[           main][0;39m [36mio.undertow.servlet                     [0;39m [2m:[0;39m Initializing Spring embedded WebApplicationContext
[2m2019-12-10 17:32:26.985[0;39m [32m INFO[0;39m [35m15972[0;39m [2m---[0;39m [2m[           main][0;39m [36mo.s.web.context.ContextLoader           [0;39m [2m:[0;39m Root WebApplicationContext: initialization completed in 2749 ms
[2m2019-12-10 17:32:27.138[0;39m [33m WARN[0;39m [35m15972[0;39m [2m---[0;39m [2m[           main][0;39m [36mc.n.c.sources.URLConfigurationSource    [0;39m [2m:[0;39m No URLs will be polled as dynamic configuration sources.
[2m2019-12-10 17:32:27.138[0;39m [32m INFO[0;39m [35m15972[0;39m [2m---[0;39m [2m[           main][0;39m [36mc.n.c.sources.URLConfigurationSource    [0;39m [2m:[0;39m To enable URLs as dynamic configuration sources, define System property archaius.configurationSource.additionalUrls or make config.properties available on classpath.
[2m2019-12-10 17:32:27.160[0;39m [32m INFO[0;39m [35m15972[0;39m [2m---[0;39m [2m[           main][0;39m [36mc.netflix.config.DynamicPropertyFactory [0;39m [2m:[0;39m DynamicPropertyFactory is initialized with configuration sources: com.netflix.config.ConcurrentCompositeConfiguration@113467c
[2m2019-12-10 17:32:28.593[0;39m [33m WARN[0;39m [35m15972[0;39m [2m---[0;39m [2m[           main][0;39m [36mc.n.c.sources.URLConfigurationSource    [0;39m [2m:[0;39m No URLs will be polled as dynamic configuration sources.
[2m2019-12-10 17:32:28.594[0;39m [32m INFO[0;39m [35m15972[0;39m [2m---[0;39m [2m[           main][0;39m [36mc.n.c.sources.URLConfigurationSource    [0;39m [2m:[0;39m To enable URLs as dynamic configuration sources, define System property archaius.configurationSource.additionalUrls or make config.properties available on classpath.
[2m2019-12-10 17:32:28.989[0;39m [32m INFO[0;39m [35m15972[0;39m [2m---[0;39m [2m[           main][0;39m [36mo.s.s.concurrent.ThreadPoolTaskExecutor [0;39m [2m:[0;39m Initializing ExecutorService 'applicationTaskExecutor'
[2m2019-12-10 17:32:29.552[0;39m [32m INFO[0;39m [35m15972[0;39m [2m---[0;39m [2m[           main][0;39m [36m.s.s.UserDetailsServiceAutoConfiguration[0;39m [2m:[0;39m 

Using generated security password: ee9e63ae-0003-40a2-9f08-070f04badd61

[2m2019-12-10 17:32:29.716[0;39m [32m INFO[0;39m [35m15972[0;39m [2m---[0;39m [2m[           main][0;39m [36mo.s.s.web.DefaultSecurityFilterChain    [0;39m [2m:[0;39m Creating filter chain: any request, [org.springframework.security.web.context.request.async.WebAsyncManagerIntegrationFilter@6fe83c, org.springframework.security.web.context.SecurityContextPersistenceFilter@c491b8, org.springframework.security.web.header.HeaderWriterFilter@16e18d, org.springframework.security.web.csrf.CsrfFilter@19aeedb, org.springframework.security.web.authentication.logout.LogoutFilter@1751d49, org.springframework.security.web.authentication.UsernamePasswordAuthenticationFilter@1be14c2, org.springframework.security.web.authentication.ui.DefaultLoginPageGeneratingFilter@11be8aa, org.springframework.security.web.authentication.ui.DefaultLogoutPageGeneratingFilter@3bb39a, org.springframework.security.web.authentication.www.BasicAuthenticationFilter@1228d83, org.springframework.security.web.savedrequest.RequestCacheAwareFilter@c6928c, org.springframework.security.web.servletapi.SecurityContextHolderAwareRequestFilter@d70e9a, org.springframework.security.web.authentication.AnonymousAuthenticationFilter@1e3b052, org.springframework.security.web.session.SessionManagementFilter@120495d, org.springframework.security.web.access.ExceptionTranslationFilter@107318, org.springframework.security.web.access.intercept.FilterSecurityInterceptor@14aa81e]
[2m2019-12-10 17:32:30.202[0;39m [32m INFO[0;39m [35m15972[0;39m [2m---[0;39m [2m[           main][0;39m [36mo.s.b.a.e.web.EndpointLinksResolver     [0;39m [2m:[0;39m Exposing 2 endpoint(s) beneath base path '/actuator'
[2m2019-12-10 17:32:30.328[0;39m [32m INFO[0;39m [35m15972[0;39m [2m---[0;39m [2m[           main][0;39m [36mo.s.c.n.eureka.InstanceInfoFactory      [0;39m [2m:[0;39m Setting initial instance status as: STARTING
[2m2019-12-10 17:32:30.392[0;39m [32m INFO[0;39m [35m15972[0;39m [2m---[0;39m [2m[           main][0;39m [36mcom.netflix.discovery.DiscoveryClient   [0;39m [2m:[0;39m Initializing Eureka in region us-east-1
[2m2019-12-10 17:32:30.763[0;39m [32m INFO[0;39m [35m15972[0;39m [2m---[0;39m [2m[           main][0;39m [36mc.n.d.provider.DiscoveryJerseyProvider  [0;39m [2m:[0;39m Using JSON encoding codec LegacyJacksonJson
[2m2019-12-10 17:32:30.764[0;39m [32m INFO[0;39m [35m15972[0;39m [2m---[0;39m [2m[           main][0;39m [36mc.n.d.provider.DiscoveryJerseyProvider  [0;39m [2m:[0;39m Using JSON decoding codec LegacyJacksonJson
[2m2019-12-10 17:32:30.998[0;39m [32m INFO[0;39m [35m15972[0;39m [2m---[0;39m [2m[           main][0;39m [36mc.n.d.provider.DiscoveryJerseyProvider  [0;39m [2m:[0;39m Using XML encoding codec XStreamXml
[2m2019-12-10 17:32:30.998[0;39m [32m INFO[0;39m [35m15972[0;39m [2m---[0;39m [2m[           main][0;39m [36mc.n.d.provider.DiscoveryJerseyProvider  [0;39m [2m:[0;39m Using XML decoding codec XStreamXml
[2m2019-12-10 17:32:31.365[0;39m [32m INFO[0;39m [35m15972[0;39m [2m---[0;39m [2m[           main][0;39m [36mc.n.d.s.r.aws.ConfigClusterResolver     [0;39m [2m:[0;39m Resolving eureka endpoints via configuration
[2m2019-12-10 17:32:31.473[0;39m [32m INFO[0;39m [35m15972[0;39m [2m---[0;39m [2m[           main][0;39m [36mcom.netflix.discovery.DiscoveryClient   [0;39m [2m:[0;39m Disable delta property : false
[2m2019-12-10 17:32:31.474[0;39m [32m INFO[0;39m [35m15972[0;39m [2m---[0;39m [2m[           main][0;39m [36mcom.netflix.discovery.DiscoveryClient   [0;39m [2m:[0;39m Single vip registry refresh property : null
[2m2019-12-10 17:32:31.474[0;39m [32m INFO[0;39m [35m15972[0;39m [2m---[0;39m [2m[           main][0;39m [36mcom.netflix.discovery.DiscoveryClient   [0;39m [2m:[0;39m Force full registry fetch : false
[2m2019-12-10 17:32:31.474[0;39m [32m INFO[0;39m [35m15972[0;39m [2m---[0;39m [2m[           main][0;39m [36mcom.netflix.discovery.DiscoveryClient   [0;39m [2m:[0;39m Application is null : false
[2m2019-12-10 17:32:31.474[0;39m [32m INFO[0;39m [35m15972[0;39m [2m---[0;39m [2m[           main][0;39m [36mcom.netflix.discovery.DiscoveryClient   [0;39m [2m:[0;39m Registered Applications size is zero : true
[2m2019-12-10 17:32:31.474[0;39m [32m INFO[0;39m [35m15972[0;39m [2m---[0;39m [2m[           main][0;39m [36mcom.netflix.discovery.DiscoveryClient   [0;39m [2m:[0;39m Application version is -1: true
[2m2019-12-10 17:32:31.474[0;39m [32m INFO[0;39m [35m15972[0;39m [2m---[0;39m [2m[           main][0;39m [36mcom.netflix.discovery.DiscoveryClient   [0;39m [2m:[0;39m Getting all instance registry info from the eureka server
[2m2019-12-10 17:32:31.921[0;39m [32m INFO[0;39m [35m15972[0;39m [2m---[0;39m [2m[           main][0;39m [36mcom.netflix.discovery.DiscoveryClient   [0;39m [2m:[0;39m The response status is 200
[2m2019-12-10 17:32:31.922[0;39m [32m INFO[0;39m [35m15972[0;39m [2m---[0;39m [2m[           main][0;39m [36mcom.netflix.discovery.DiscoveryClient   [0;39m [2m:[0;39m Starting heartbeat executor: renew interval is: 30
[2m2019-12-10 17:32:31.925[0;39m [32m INFO[0;39m [35m15972[0;39m [2m---[0;39m [2m[           main][0;39m [36mc.n.discovery.InstanceInfoReplicator    [0;39m [2m:[0;39m InstanceInfoReplicator onDemand update allowed rate per min is 4
[2m2019-12-10 17:32:31.928[0;39m [32m INFO[0;39m [35m15972[0;39m [2m---[0;39m [2m[           main][0;39m [36mcom.netflix.discovery.DiscoveryClient   [0;39m [2m:[0;39m Discovery Client initialized at timestamp 1575970351927 with initial instances count: 0
[2m2019-12-10 17:32:31.937[0;39m [32m INFO[0;39m [35m15972[0;39m [2m---[0;39m [2m[           main][0;39m [36mo.s.c.n.e.s.EurekaServiceRegistry       [0;39m [2m:[0;39m Registering application spring-cloud-oauth2 with eureka with status UP
[2m2019-12-10 17:32:31.937[0;39m [32m INFO[0;39m [35m15972[0;39m [2m---[0;39m [2m[           main][0;39m [36mcom.netflix.discovery.DiscoveryClient   [0;39m [2m:[0;39m Saw local status change event StatusChangeEvent [timestamp=1575970351937, current=UP, previous=STARTING]
[2m2019-12-10 17:32:31.939[0;39m [32m INFO[0;39m [35m15972[0;39m [2m---[0;39m [2m[nfoReplicator-0][0;39m [36mcom.netflix.discovery.DiscoveryClient   [0;39m [2m:[0;39m DiscoveryClient_SPRING-CLOUD-OAUTH2/127.0.0.1:spring-cloud-oauth2:8003: registering service...
[2m2019-12-10 17:32:31.970[0;39m [32m INFO[0;39m [35m15972[0;39m [2m---[0;39m [2m[           main][0;39m [36morg.xnio                                [0;39m [2m:[0;39m XNIO version 3.3.8.Final
[2m2019-12-10 17:32:32.000[0;39m [32m INFO[0;39m [35m15972[0;39m [2m---[0;39m [2m[           main][0;39m [36morg.xnio.nio                            [0;39m [2m:[0;39m XNIO NIO Implementation Version 3.3.8.Final
[2m2019-12-10 17:32:32.076[0;39m [32m INFO[0;39m [35m15972[0;39m [2m---[0;39m [2m[           main][0;39m [36mo.s.b.w.e.u.UndertowServletWebServer    [0;39m [2m:[0;39m Undertow started on port(s) 8003 (http) with context path ''
[2m2019-12-10 17:32:32.080[0;39m [32m INFO[0;39m [35m15972[0;39m [2m---[0;39m [2m[           main][0;39m [36mcom.zhujuming.vip.Oauth2Application     [0;39m [2m:[0;39m Started Oauth2Application in 9.888 seconds (JVM running for 11.534)
[2m2019-12-10 17:32:32.150[0;39m [32m INFO[0;39m [35m15972[0;39m [2m---[0;39m [2m[nfoReplicator-0][0;39m [36mcom.netflix.discovery.DiscoveryClient   [0;39m [2m:[0;39m DiscoveryClient_SPRING-CLOUD-OAUTH2/127.0.0.1:spring-cloud-oauth2:8003 - registration status: 204
[2m2019-12-10 17:33:01.922[0;39m [32m INFO[0;39m [35m15972[0;39m [2m---[0;39m [2m[freshExecutor-0][0;39m [36mcom.netflix.discovery.DiscoveryClient   [0;39m [2m:[0;39m Disable delta property : false
[2m2019-12-10 17:33:01.922[0;39m [32m INFO[0;39m [35m15972[0;39m [2m---[0;39m [2m[freshExecutor-0][0;39m [36mcom.netflix.discovery.DiscoveryClient   [0;39m [2m:[0;39m Single vip registry refresh property : null
[2m2019-12-10 17:33:01.922[0;39m [32m INFO[0;39m [35m15972[0;39m [2m---[0;39m [2m[freshExecutor-0][0;39m [36mcom.netflix.discovery.DiscoveryClient   [0;39m [2m:[0;39m Force full registry fetch : false
[2m2019-12-10 17:33:01.922[0;39m [32m INFO[0;39m [35m15972[0;39m [2m---[0;39m [2m[freshExecutor-0][0;39m [36mcom.netflix.discovery.DiscoveryClient   [0;39m [2m:[0;39m Application is null : false
[2m2019-12-10 17:33:01.922[0;39m [32m INFO[0;39m [35m15972[0;39m [2m---[0;39m [2m[freshExecutor-0][0;39m [36mcom.netflix.discovery.DiscoveryClient   [0;39m [2m:[0;39m Registered Applications size is zero : true
[2m2019-12-10 17:33:01.923[0;39m [32m INFO[0;39m [35m15972[0;39m [2m---[0;39m [2m[freshExecutor-0][0;39m [36mcom.netflix.discovery.DiscoveryClient   [0;39m [2m:[0;39m Application version is -1: false
[2m2019-12-10 17:33:01.923[0;39m [32m INFO[0;39m [35m15972[0;39m [2m---[0;39m [2m[freshExecutor-0][0;39m [36mcom.netflix.discovery.DiscoveryClient   [0;39m [2m:[0;39m Getting all instance registry info from the eureka server
[2m2019-12-10 17:33:01.973[0;39m [32m INFO[0;39m [35m15972[0;39m [2m---[0;39m [2m[freshExecutor-0][0;39m [36mcom.netflix.discovery.DiscoveryClient   [0;39m [2m:[0;39m The response status is 200
[2m2019-12-10 17:37:31.481[0;39m [32m INFO[0;39m [35m15972[0;39m [2m---[0;39m [2m[trap-executor-0][0;39m [36mc.n.d.s.r.aws.ConfigClusterResolver     [0;39m [2m:[0;39m Resolving eureka endpoints via configuration
[2m2019-12-10 17:42:31.488[0;39m [32m INFO[0;39m [35m15972[0;39m [2m---[0;39m [2m[trap-executor-0][0;39m [36mc.n.d.s.r.aws.ConfigClusterResolver     [0;39m [2m:[0;39m Resolving eureka endpoints via configuration
[2m2019-12-10 17:47:31.492[0;39m [32m INFO[0;39m [35m15972[0;39m [2m---[0;39m [2m[trap-executor-0][0;39m [36mc.n.d.s.r.aws.ConfigClusterResolver     [0;39m [2m:[0;39m Resolving eureka endpoints via configuration
[2m2019-12-10 17:52:31.501[0;39m [32m INFO[0;39m [35m15972[0;39m [2m---[0;39m [2m[trap-executor-0][0;39m [36mc.n.d.s.r.aws.ConfigClusterResolver     [0;39m [2m:[0;39m Resolving eureka endpoints via configuration
[2m2019-12-10 17:57:31.511[0;39m [32m INFO[0;39m [35m15972[0;39m [2m---[0;39m [2m[trap-executor-0][0;39m [36mc.n.d.s.r.aws.ConfigClusterResolver     [0;39m [2m:[0;39m Resolving eureka endpoints via configuration
